<?xml version="1.0" encoding="UTF-8"?>
<!-- Generated by org.testng.reporters.JUnitReportReporter -->
<testsuite skipped="0" hostname="DESKTOP-DAPEO3T" name="com.testcases.LoginPageTest" tests="4" failures="0" timestamp="18 Sep 2018 03:48:13 GMT" time="61.203" errors="0">
  <testcase name="loginPageTitleTest" time="16.283" classname="com.testcases.LoginPageTest"/>
  <testcase name="crmLogoImageTest" time="11.233" classname="com.testcases.LoginPageTest"/>
  <testcase name="verifyclickOnSignUpLinkTest" time="14.567" classname="com.testcases.LoginPageTest"/>
  <testcase name="loginTest" time="19.120" classname="com.testcases.LoginPageTest"/>
</testsuite> <!-- com.testcases.LoginPageTest -->
