<?xml version="1.0" encoding="UTF-8"?>
<!-- Generated by org.testng.reporters.JUnitReportReporter -->
<testsuite skipped="0" hostname="DESKTOP-DAPEO3T" name="com.testcases.HomePageTest" tests="1" failures="0" timestamp="25 Sep 2018 06:31:01 GMT" time="64.717" errors="0">
  <testcase name="verifyQuestionSymbol" time="64.717" classname="com.testcases.HomePageTest"/>
</testsuite> <!-- com.testcases.HomePageTest -->
