<?xml version="1.0" encoding="UTF-8"?>
<!-- Generated by org.testng.reporters.JUnitReportReporter -->
<testsuite skipped="0" hostname="DESKTOP-DAPEO3T" name="com.testcases.ShortListPageTest" tests="1" failures="0" timestamp="21 Sep 2018 08:44:32 GMT" time="39.092" errors="0">
  <testcase name="verifyShortListPageLabel" time="39.092" classname="com.testcases.ShortListPageTest"/>
</testsuite> <!-- com.testcases.ShortListPageTest -->
