<?xml version="1.0" encoding="UTF-8"?>
<!-- Generated by org.testng.reporters.JUnitReportReporter -->
<testsuite skipped="0" hostname="DESKTOP-DAPEO3T" name="com.testcases.HomePageTest" tests="3" failures="0" timestamp="20 Sep 2018 04:25:29 GMT" time="141.130" errors="0">
  <testcase name="validatecreatenewDeal" time="44.763" classname="com.testcases.HomePageTest"/>
  <testcase name="validatecreatenewDeal" time="47.396" classname="com.testcases.HomePageTest"/>
  <testcase name="validatecreatenewDeal" time="48.971" classname="com.testcases.HomePageTest"/>
</testsuite> <!-- com.testcases.HomePageTest -->
