<?xml version="1.0" encoding="UTF-8"?>
<!-- Generated by org.testng.reporters.JUnitReportReporter -->
<testsuite skipped="0" hostname="DESKTOP-DAPEO3T" name="com.testcases.SignUpPageTest" tests="4" failures="0" timestamp="18 Sep 2018 11:38:34 GMT" time="66.632" errors="0">
  <testcase name="verifySignUpPageTitle" time="17.619" classname="com.testcases.SignUpPageTest"/>
  <testcase name="crmLogoImageTest" time="12.146" classname="com.testcases.SignUpPageTest"/>
  <testcase name="validatecreateNewAccount" time="18.476" classname="com.testcases.SignUpPageTest"/>
  <testcase name="validatecreateNewAccount" time="18.391" classname="com.testcases.SignUpPageTest"/>
</testsuite> <!-- com.testcases.SignUpPageTest -->
